{
  "RSpec": {
    "coverage": {
      "/Users/scott.sorensen/dev/first_app/app/controllers/application_controller.rb": [
        1,
        1,
        null
      ],
      "/Users/scott.sorensen/dev/first_app/app/helpers/application_helper.rb": [
        1,
        null
      ],
      "/Users/scott.sorensen/dev/first_app/app/helpers/hello_helper.rb": [
        1,
        null
      ],
      "/Users/scott.sorensen/dev/first_app/app/controllers/hellos_controller.rb": [
        1,
        1,
        null,
        null
      ],
      "/Users/scott.sorensen/dev/first_app/app/models/weather.rb": [
        1,
        null,
        1,
        1,
        null,
        null,
        1,
        1,
        null,
        null,
        1,
        4,
        4,
        4,
        104,
        null,
        null,
        4,
        null,
        null,
        1,
        104,
        104,
        null,
        null,
        1,
        105,
        99,
        98,
        null,
        null
      ]
    },
    "timestamp": 1372201013
  }
}
